<?xml version="1.0" encoding="UTF-8"?>
<coverage generated="1668695705592" clover="3.2.0">
  <project timestamp="1668695705592" name="All files">
    <metrics statements="35" coveredstatements="35" conditionals="1" coveredconditionals="1" methods="24" coveredmethods="24" elements="60" coveredelements="60" complexity="0" loc="35" ncloc="35" packages="6" files="7" classes="7"/>
    <package name="adapters.secondary">
      <metrics statements="25" coveredstatements="25" conditionals="1" coveredconditionals="1" methods="14" coveredmethods="14"/>
      <file name="InMemoryClientsGateway.ts" path="/Users/alizeegillouaye/Documents/IWM-Archi-back/src/adapters/secondary/InMemoryClientsGateway.ts">
        <metrics statements="19" coveredstatements="19" conditionals="1" coveredconditionals="1" methods="11" coveredmethods="11"/>
        <line num="5" count="5" type="stmt"/>
        <line num="7" count="1" type="stmt"/>
        <line num="11" count="5" type="stmt"/>
        <line num="12" count="9" type="stmt"/>
        <line num="16" count="9" type="stmt"/>
        <line num="20" count="6" type="stmt"/>
        <line num="24" count="3" type="stmt"/>
        <line num="28" count="7" type="stmt"/>
        <line num="29" count="5" type="cond" truecount="1" falsecount="0"/>
        <line num="30" count="1" type="stmt"/>
        <line num="32" count="4" type="stmt"/>
        <line num="36" count="2" type="stmt"/>
        <line num="40" count="2" type="stmt"/>
        <line num="41" count="2" type="stmt"/>
        <line num="45" count="1" type="stmt"/>
        <line num="46" count="1" type="stmt"/>
        <line num="48" count="1" type="stmt"/>
        <line num="52" count="2" type="stmt"/>
        <line num="54" count="1" type="stmt"/>
      </file>
      <file name="fakeUuidGenerator.ts" path="/Users/alizeegillouaye/Documents/IWM-Archi-back/src/adapters/secondary/fakeUuidGenerator.ts">
        <metrics statements="6" coveredstatements="6" conditionals="0" coveredconditionals="0" methods="3" coveredmethods="3"/>
        <line num="3" count="5" type="stmt"/>
        <line num="4" count="9" type="stmt"/>
        <line num="7" count="2" type="stmt"/>
        <line num="11" count="2" type="stmt"/>
        <line num="12" count="2" type="stmt"/>
        <line num="13" count="2" type="stmt"/>
      </file>
    </package>
    <package name="coreLogic.usecases.add-client">
      <metrics statements="2" coveredstatements="2" conditionals="0" coveredconditionals="0" methods="2" coveredmethods="2"/>
      <file name="createClient.ts" path="/Users/alizeegillouaye/Documents/IWM-Archi-back/src/coreLogic/usecases/add-client/createClient.ts">
        <metrics statements="2" coveredstatements="2" conditionals="0" coveredconditionals="0" methods="2" coveredmethods="2"/>
        <line num="4" count="2" type="stmt"/>
        <line num="5" count="2" type="stmt"/>
      </file>
    </package>
    <package name="coreLogic.usecases.client-get">
      <metrics statements="2" coveredstatements="2" conditionals="0" coveredconditionals="0" methods="2" coveredmethods="2"/>
      <file name="getClient.ts" path="/Users/alizeegillouaye/Documents/IWM-Archi-back/src/coreLogic/usecases/client-get/getClient.ts">
        <metrics statements="2" coveredstatements="2" conditionals="0" coveredconditionals="0" methods="2" coveredmethods="2"/>
        <line num="3" count="3" type="stmt"/>
        <line num="4" count="3" type="stmt"/>
      </file>
    </package>
    <package name="coreLogic.usecases.clients-listing">
      <metrics statements="2" coveredstatements="2" conditionals="0" coveredconditionals="0" methods="2" coveredmethods="2"/>
      <file name="listClients.ts" path="/Users/alizeegillouaye/Documents/IWM-Archi-back/src/coreLogic/usecases/clients-listing/listClients.ts">
        <metrics statements="2" coveredstatements="2" conditionals="0" coveredconditionals="0" methods="2" coveredmethods="2"/>
        <line num="4" count="2" type="stmt"/>
        <line num="5" count="2" type="stmt"/>
      </file>
    </package>
    <package name="coreLogic.usecases.delete-client">
      <metrics statements="2" coveredstatements="2" conditionals="0" coveredconditionals="0" methods="2" coveredmethods="2"/>
      <file name="deleteClient.ts" path="/Users/alizeegillouaye/Documents/IWM-Archi-back/src/coreLogic/usecases/delete-client/deleteClient.ts">
        <metrics statements="2" coveredstatements="2" conditionals="0" coveredconditionals="0" methods="2" coveredmethods="2"/>
        <line num="4" count="1" type="stmt"/>
        <line num="5" count="1" type="stmt"/>
      </file>
    </package>
    <package name="coreLogic.usecases.update-client">
      <metrics statements="2" coveredstatements="2" conditionals="0" coveredconditionals="0" methods="2" coveredmethods="2"/>
      <file name="updateClient.ts" path="/Users/alizeegillouaye/Documents/IWM-Archi-back/src/coreLogic/usecases/update-client/updateClient.ts">
        <metrics statements="2" coveredstatements="2" conditionals="0" coveredconditionals="0" methods="2" coveredmethods="2"/>
        <line num="4" count="1" type="stmt"/>
        <line num="5" count="1" type="stmt"/>
      </file>
    </package>
  </project>
</coverage>
