{"/Users/alizeegillouaye/Documents/IWM-Archi-back/src/adapters/secondary/InMemoryClientsGateway.ts": {"path":"/Users/alizeegillouaye/Documents/IWM-Archi-back/src/adapters/secondary/InMemoryClientsGateway.ts","statementMap":{"0":{"start":{"line":7,"column":4},"end":{"line":7,"column":null}},"1":{"start":{"line":5,"column":0},"end":{"line":5,"column":13}},"2":{"start":{"line":12,"column":10},"end":{"line":12,"column":null}},"3":{"start":{"line":16,"column":4},"end":{"line":16,"column":null}},"4":{"start":{"line":20,"column":4},"end":{"line":20,"column":null}},"5":{"start":{"line":24,"column":4},"end":{"line":24,"column":null}},"6":{"start":{"line":11,"column":0},"end":{"line":11,"column":13}}},"fnMap":{"0":{"name":"(anonymous_7)","decl":{"start":{"line":6,"column":2},"end":{"line":6,"column":14}},"loc":{"start":{"line":6,"column":24},"end":{"line":8,"column":3}}},"1":{"name":"(anonymous_8)","decl":{"start":{"line":15,"column":2},"end":{"line":15,"column":14}},"loc":{"start":{"line":15,"column":42},"end":{"line":17,"column":3}}},"2":{"name":"(anonymous_9)","decl":{"start":{"line":19,"column":2},"end":{"line":19,"column":10}},"loc":{"start":{"line":19,"column":36},"end":{"line":21,"column":3}}},"3":{"name":"(anonymous_10)","decl":{"start":{"line":23,"column":8},"end":{"line":23,"column":15}},"loc":{"start":{"line":23,"column":15},"end":{"line":25,"column":null}}}},"branchMap":{},"s":{"0":0,"1":1,"2":2,"3":2,"4":1,"5":2,"6":1},"f":{"0":0,"1":2,"2":1,"3":2},"b":{}}
,"/Users/alizeegillouaye/Documents/IWM-Archi-back/src/adapters/secondary/fakeUuidGenerator.ts": {"path":"/Users/alizeegillouaye/Documents/IWM-Archi-back/src/adapters/secondary/fakeUuidGenerator.ts","statementMap":{"0":{"start":{"line":4,"column":10},"end":{"line":4,"column":null}},"1":{"start":{"line":7,"column":4},"end":{"line":7,"column":null}},"2":{"start":{"line":11,"column":21},"end":{"line":11,"column":38}},"3":{"start":{"line":12,"column":4},"end":{"line":12,"column":null}},"4":{"start":{"line":13,"column":4},"end":{"line":13,"column":null}},"5":{"start":{"line":3,"column":0},"end":{"line":3,"column":13}}},"fnMap":{"0":{"name":"(anonymous_0)","decl":{"start":{"line":3,"column":0},"end":{"line":3,"column":13}},"loc":{"start":{"line":3,"column":0},"end":{"line":15,"column":1}}},"1":{"name":"(anonymous_1)","decl":{"start":{"line":6,"column":2},"end":{"line":6,"column":14}},"loc":{"start":{"line":6,"column":42},"end":{"line":8,"column":3}}},"2":{"name":"(anonymous_2)","decl":{"start":{"line":10,"column":2},"end":{"line":10,"column":10}},"loc":{"start":{"line":10,"column":10},"end":{"line":14,"column":3}}}},"branchMap":{},"s":{"0":2,"1":0,"2":0,"3":0,"4":0,"5":1},"f":{"0":2,"1":0,"2":0},"b":{}}
,"/Users/alizeegillouaye/Documents/IWM-Archi-back/src/coreLogic/usecases/clients-listing/listClients.ts": {"path":"/Users/alizeegillouaye/Documents/IWM-Archi-back/src/coreLogic/usecases/clients-listing/listClients.ts","statementMap":{"0":{"start":{"line":4,"column":27},"end":{"line":6,"column":null}},"1":{"start":{"line":4,"column":90},"end":{"line":6,"column":null}},"2":{"start":{"line":5,"column":2},"end":{"line":5,"column":null}},"3":{"start":{"line":4,"column":13},"end":{"line":4,"column":27}}},"fnMap":{"0":{"name":"(anonymous_7)","decl":{"start":{"line":4,"column":27},"end":{"line":4,"column":34}},"loc":{"start":{"line":4,"column":90},"end":{"line":6,"column":null}}},"1":{"name":"(anonymous_8)","decl":{"start":{"line":4,"column":90},"end":{"line":4,"column":null}},"loc":{"start":{"line":4,"column":90},"end":{"line":6,"column":1}}}},"branchMap":{},"s":{"0":1,"1":2,"2":2,"3":1},"f":{"0":2,"1":2},"b":{}}
}
