{"/Users/alizeegillouaye/Documents/IWM-Archi-back/dist/src/adapters/secondary/InMemoryClientsGateway.js": {"path":"/Users/alizeegillouaye/Documents/IWM-Archi-back/dist/src/adapters/secondary/InMemoryClientsGateway.js","statementMap":{"0":{"start":{"line":2,"column":16},"end":{"line":10,"column":1}},"1":{"start":{"line":3,"column":28},"end":{"line":3,"column":110}},"2":{"start":{"line":3,"column":91},"end":{"line":3,"column":106}},"3":{"start":{"line":4,"column":4},"end":{"line":9,"column":7}},"4":{"start":{"line":5,"column":36},"end":{"line":5,"column":97}},"5":{"start":{"line":5,"column":42},"end":{"line":5,"column":70}},"6":{"start":{"line":5,"column":85},"end":{"line":5,"column":95}},"7":{"start":{"line":6,"column":35},"end":{"line":6,"column":100}},"8":{"start":{"line":6,"column":41},"end":{"line":6,"column":73}},"9":{"start":{"line":6,"column":88},"end":{"line":6,"column":98}},"10":{"start":{"line":7,"column":32},"end":{"line":7,"column":116}},"11":{"start":{"line":8,"column":8},"end":{"line":8,"column":78}},"12":{"start":{"line":11,"column":0},"end":{"line":11,"column":62}},"13":{"start":{"line":12,"column":0},"end":{"line":12,"column":74}},"14":{"start":{"line":15,"column":8},"end":{"line":15,"column":46}},"15":{"start":{"line":18,"column":0},"end":{"line":18,"column":60}},"16":{"start":{"line":21,"column":8},"end":{"line":21,"column":26}},"17":{"start":{"line":22,"column":8},"end":{"line":22,"column":43}},"18":{"start":{"line":25,"column":8},"end":{"line":25,"column":31}},"19":{"start":{"line":28,"column":8},"end":{"line":30,"column":11}},"20":{"start":{"line":29,"column":12},"end":{"line":29,"column":49}},"21":{"start":{"line":33,"column":8},"end":{"line":39,"column":11}},"22":{"start":{"line":34,"column":24},"end":{"line":34,"column":61}},"23":{"start":{"line":34,"column":49},"end":{"line":34,"column":60}},"24":{"start":{"line":35,"column":12},"end":{"line":37,"column":13}},"25":{"start":{"line":36,"column":16},"end":{"line":36,"column":55}},"26":{"start":{"line":38,"column":12},"end":{"line":38,"column":23}},"27":{"start":{"line":42,"column":8},"end":{"line":49,"column":11}},"28":{"start":{"line":43,"column":30},"end":{"line":46,"column":13}},"29":{"start":{"line":47,"column":12},"end":{"line":47,"column":41}},"30":{"start":{"line":48,"column":12},"end":{"line":48,"column":46}},"31":{"start":{"line":52,"column":8},"end":{"line":56,"column":11}},"32":{"start":{"line":53,"column":26},"end":{"line":53,"column":75}},"33":{"start":{"line":53,"column":55},"end":{"line":53,"column":73}},"34":{"start":{"line":54,"column":12},"end":{"line":54,"column":41}},"35":{"start":{"line":55,"column":12},"end":{"line":55,"column":43}},"36":{"start":{"line":59,"column":8},"end":{"line":62,"column":11}},"37":{"start":{"line":60,"column":12},"end":{"line":60,"column":65}},"38":{"start":{"line":60,"column":52},"end":{"line":60,"column":63}},"39":{"start":{"line":61,"column":12},"end":{"line":61,"column":41}},"40":{"start":{"line":65,"column":0},"end":{"line":65,"column":54}}},"fnMap":{"0":{"name":"(anonymous_0)","decl":{"start":{"line":2,"column":44},"end":{"line":2,"column":45}},"loc":{"start":{"line":2,"column":89},"end":{"line":10,"column":1}},"line":2},"1":{"name":"adopt","decl":{"start":{"line":3,"column":13},"end":{"line":3,"column":18}},"loc":{"start":{"line":3,"column":26},"end":{"line":3,"column":112}},"line":3},"2":{"name":"(anonymous_2)","decl":{"start":{"line":3,"column":70},"end":{"line":3,"column":71}},"loc":{"start":{"line":3,"column":89},"end":{"line":3,"column":108}},"line":3},"3":{"name":"(anonymous_3)","decl":{"start":{"line":4,"column":36},"end":{"line":4,"column":37}},"loc":{"start":{"line":4,"column":63},"end":{"line":9,"column":5}},"line":4},"4":{"name":"fulfilled","decl":{"start":{"line":5,"column":17},"end":{"line":5,"column":26}},"loc":{"start":{"line":5,"column":34},"end":{"line":5,"column":99}},"line":5},"5":{"name":"rejected","decl":{"start":{"line":6,"column":17},"end":{"line":6,"column":25}},"loc":{"start":{"line":6,"column":33},"end":{"line":6,"column":102}},"line":6},"6":{"name":"step","decl":{"start":{"line":7,"column":17},"end":{"line":7,"column":21}},"loc":{"start":{"line":7,"column":30},"end":{"line":7,"column":118}},"line":7},"7":{"name":"(anonymous_7)","decl":{"start":{"line":14,"column":4},"end":{"line":14,"column":5}},"loc":{"start":{"line":14,"column":20},"end":{"line":16,"column":5}},"line":14},"8":{"name":"(anonymous_8)","decl":{"start":{"line":20,"column":4},"end":{"line":20,"column":5}},"loc":{"start":{"line":20,"column":31},"end":{"line":23,"column":5}},"line":20},"9":{"name":"(anonymous_9)","decl":{"start":{"line":24,"column":4},"end":{"line":24,"column":5}},"loc":{"start":{"line":24,"column":25},"end":{"line":26,"column":5}},"line":24},"10":{"name":"(anonymous_10)","decl":{"start":{"line":27,"column":4},"end":{"line":27,"column":5}},"loc":{"start":{"line":27,"column":14},"end":{"line":31,"column":5}},"line":27},"11":{"name":"(anonymous_11)","decl":{"start":{"line":28,"column":47},"end":{"line":28,"column":48}},"loc":{"start":{"line":28,"column":60},"end":{"line":30,"column":9}},"line":28},"12":{"name":"(anonymous_12)","decl":{"start":{"line":32,"column":4},"end":{"line":32,"column":5}},"loc":{"start":{"line":32,"column":16},"end":{"line":40,"column":5}},"line":32},"13":{"name":"(anonymous_13)","decl":{"start":{"line":33,"column":47},"end":{"line":33,"column":48}},"loc":{"start":{"line":33,"column":60},"end":{"line":39,"column":9}},"line":33},"14":{"name":"(anonymous_14)","decl":{"start":{"line":34,"column":42},"end":{"line":34,"column":43}},"loc":{"start":{"line":34,"column":49},"end":{"line":34,"column":60}},"line":34},"15":{"name":"(anonymous_15)","decl":{"start":{"line":41,"column":4},"end":{"line":41,"column":5}},"loc":{"start":{"line":41,"column":17},"end":{"line":50,"column":5}},"line":41},"16":{"name":"(anonymous_16)","decl":{"start":{"line":42,"column":47},"end":{"line":42,"column":48}},"loc":{"start":{"line":42,"column":60},"end":{"line":49,"column":9}},"line":42},"17":{"name":"(anonymous_17)","decl":{"start":{"line":51,"column":4},"end":{"line":51,"column":5}},"loc":{"start":{"line":51,"column":19},"end":{"line":57,"column":5}},"line":51},"18":{"name":"(anonymous_18)","decl":{"start":{"line":52,"column":47},"end":{"line":52,"column":48}},"loc":{"start":{"line":52,"column":60},"end":{"line":56,"column":9}},"line":52},"19":{"name":"(anonymous_19)","decl":{"start":{"line":53,"column":50},"end":{"line":53,"column":51}},"loc":{"start":{"line":53,"column":55},"end":{"line":53,"column":73}},"line":53},"20":{"name":"(anonymous_20)","decl":{"start":{"line":58,"column":4},"end":{"line":58,"column":5}},"loc":{"start":{"line":58,"column":15},"end":{"line":63,"column":5}},"line":58},"21":{"name":"(anonymous_21)","decl":{"start":{"line":59,"column":47},"end":{"line":59,"column":48}},"loc":{"start":{"line":59,"column":60},"end":{"line":62,"column":9}},"line":59},"22":{"name":"(anonymous_22)","decl":{"start":{"line":60,"column":47},"end":{"line":60,"column":48}},"loc":{"start":{"line":60,"column":52},"end":{"line":60,"column":63}},"line":60}},"branchMap":{"0":{"loc":{"start":{"line":2,"column":16},"end":{"line":10,"column":1}},"type":"binary-expr","locations":[{"start":{"line":2,"column":17},"end":{"line":2,"column":21}},{"start":{"line":2,"column":25},"end":{"line":2,"column":39}},{"start":{"line":2,"column":44},"end":{"line":10,"column":1}}],"line":2},"1":{"loc":{"start":{"line":3,"column":35},"end":{"line":3,"column":109}},"type":"cond-expr","locations":[{"start":{"line":3,"column":56},"end":{"line":3,"column":61}},{"start":{"line":3,"column":64},"end":{"line":3,"column":109}}],"line":3},"2":{"loc":{"start":{"line":4,"column":16},"end":{"line":4,"column":34}},"type":"binary-expr","locations":[{"start":{"line":4,"column":16},"end":{"line":4,"column":17}},{"start":{"line":4,"column":22},"end":{"line":4,"column":33}}],"line":4},"3":{"loc":{"start":{"line":7,"column":32},"end":{"line":7,"column":115}},"type":"cond-expr","locations":[{"start":{"line":7,"column":46},"end":{"line":7,"column":67}},{"start":{"line":7,"column":70},"end":{"line":7,"column":115}}],"line":7},"4":{"loc":{"start":{"line":8,"column":51},"end":{"line":8,"column":67}},"type":"binary-expr","locations":[{"start":{"line":8,"column":51},"end":{"line":8,"column":61}},{"start":{"line":8,"column":65},"end":{"line":8,"column":67}}],"line":8},"5":{"loc":{"start":{"line":35,"column":12},"end":{"line":37,"column":13}},"type":"if","locations":[{"start":{"line":35,"column":12},"end":{"line":37,"column":13}},{"start":{},"end":{}}],"line":35}},"s":{"0":5,"1":0,"2":0,"3":12,"4":0,"5":0,"6":0,"7":0,"8":0,"9":0,"10":11,"11":12,"12":5,"13":5,"14":1,"15":5,"16":9,"17":9,"18":6,"19":3,"20":3,"21":5,"22":5,"23":7,"24":5,"25":1,"26":4,"27":2,"28":2,"29":2,"30":2,"31":1,"32":1,"33":1,"34":1,"35":1,"36":1,"37":1,"38":2,"39":1,"40":5},"f":{"0":12,"1":0,"2":0,"3":12,"4":0,"5":0,"6":11,"7":1,"8":9,"9":6,"10":3,"11":3,"12":5,"13":5,"14":7,"15":2,"16":2,"17":1,"18":1,"19":1,"20":1,"21":1,"22":2},"b":{"0":[5,5,5],"1":[0,0],"2":[12,12],"3":[11,0],"4":[12,12],"5":[1,4]},"inputSourceMap":null,"_coverageSchema":"1a1c01bbd47fc00a2c39e90264f33305004495a9","hash":"86b20557c5d196852fc162029d598dee369eb076"}
,"/Users/alizeegillouaye/Documents/IWM-Archi-back/dist/src/adapters/secondary/fakeUuidGenerator.js": {"path":"/Users/alizeegillouaye/Documents/IWM-Archi-back/dist/src/adapters/secondary/fakeUuidGenerator.js","statementMap":{"0":{"start":{"line":2,"column":0},"end":{"line":2,"column":62}},"1":{"start":{"line":3,"column":0},"end":{"line":3,"column":35}},"2":{"start":{"line":6,"column":8},"end":{"line":6,"column":28}},"3":{"start":{"line":9,"column":8},"end":{"line":9,"column":35}},"4":{"start":{"line":12,"column":25},"end":{"line":12,"column":42}},"5":{"start":{"line":13,"column":8},"end":{"line":13,"column":31}},"6":{"start":{"line":14,"column":8},"end":{"line":14,"column":24}},"7":{"start":{"line":17,"column":0},"end":{"line":17,"column":46}}},"fnMap":{"0":{"name":"(anonymous_0)","decl":{"start":{"line":5,"column":4},"end":{"line":5,"column":5}},"loc":{"start":{"line":5,"column":18},"end":{"line":7,"column":5}},"line":5},"1":{"name":"(anonymous_1)","decl":{"start":{"line":8,"column":4},"end":{"line":8,"column":5}},"loc":{"start":{"line":8,"column":31},"end":{"line":10,"column":5}},"line":8},"2":{"name":"(anonymous_2)","decl":{"start":{"line":11,"column":4},"end":{"line":11,"column":5}},"loc":{"start":{"line":11,"column":15},"end":{"line":15,"column":5}},"line":11}},"branchMap":{},"s":{"0":5,"1":5,"2":9,"3":2,"4":2,"5":2,"6":2,"7":5},"f":{"0":9,"1":2,"2":2},"b":{},"inputSourceMap":null,"_coverageSchema":"1a1c01bbd47fc00a2c39e90264f33305004495a9","hash":"468ed0bde89d39c4e12f6e1f3eb89905710f23ba"}
,"/Users/alizeegillouaye/Documents/IWM-Archi-back/dist/src/coreLogic/usecases/clients/add-client/createClient.js": {"path":"/Users/alizeegillouaye/Documents/IWM-Archi-back/dist/src/coreLogic/usecases/clients/add-client/createClient.js","statementMap":{"0":{"start":{"line":2,"column":16},"end":{"line":10,"column":1}},"1":{"start":{"line":3,"column":28},"end":{"line":3,"column":110}},"2":{"start":{"line":3,"column":91},"end":{"line":3,"column":106}},"3":{"start":{"line":4,"column":4},"end":{"line":9,"column":7}},"4":{"start":{"line":5,"column":36},"end":{"line":5,"column":97}},"5":{"start":{"line":5,"column":42},"end":{"line":5,"column":70}},"6":{"start":{"line":5,"column":85},"end":{"line":5,"column":95}},"7":{"start":{"line":6,"column":35},"end":{"line":6,"column":100}},"8":{"start":{"line":6,"column":41},"end":{"line":6,"column":73}},"9":{"start":{"line":6,"column":88},"end":{"line":6,"column":98}},"10":{"start":{"line":7,"column":32},"end":{"line":7,"column":116}},"11":{"start":{"line":8,"column":8},"end":{"line":8,"column":78}},"12":{"start":{"line":11,"column":0},"end":{"line":11,"column":62}},"13":{"start":{"line":12,"column":0},"end":{"line":12,"column":30}},"14":{"start":{"line":13,"column":21},"end":{"line":15,"column":2}},"15":{"start":{"line":13,"column":46},"end":{"line":15,"column":2}},"16":{"start":{"line":14,"column":4},"end":{"line":14,"column":44}},"17":{"start":{"line":16,"column":0},"end":{"line":16,"column":36}}},"fnMap":{"0":{"name":"(anonymous_0)","decl":{"start":{"line":2,"column":44},"end":{"line":2,"column":45}},"loc":{"start":{"line":2,"column":89},"end":{"line":10,"column":1}},"line":2},"1":{"name":"adopt","decl":{"start":{"line":3,"column":13},"end":{"line":3,"column":18}},"loc":{"start":{"line":3,"column":26},"end":{"line":3,"column":112}},"line":3},"2":{"name":"(anonymous_2)","decl":{"start":{"line":3,"column":70},"end":{"line":3,"column":71}},"loc":{"start":{"line":3,"column":89},"end":{"line":3,"column":108}},"line":3},"3":{"name":"(anonymous_3)","decl":{"start":{"line":4,"column":36},"end":{"line":4,"column":37}},"loc":{"start":{"line":4,"column":63},"end":{"line":9,"column":5}},"line":4},"4":{"name":"fulfilled","decl":{"start":{"line":5,"column":17},"end":{"line":5,"column":26}},"loc":{"start":{"line":5,"column":34},"end":{"line":5,"column":99}},"line":5},"5":{"name":"rejected","decl":{"start":{"line":6,"column":17},"end":{"line":6,"column":25}},"loc":{"start":{"line":6,"column":33},"end":{"line":6,"column":102}},"line":6},"6":{"name":"step","decl":{"start":{"line":7,"column":17},"end":{"line":7,"column":21}},"loc":{"start":{"line":7,"column":30},"end":{"line":7,"column":118}},"line":7},"7":{"name":"(anonymous_7)","decl":{"start":{"line":13,"column":21},"end":{"line":13,"column":22}},"loc":{"start":{"line":13,"column":46},"end":{"line":15,"column":2}},"line":13},"8":{"name":"(anonymous_8)","decl":{"start":{"line":13,"column":80},"end":{"line":13,"column":81}},"loc":{"start":{"line":13,"column":93},"end":{"line":15,"column":1}},"line":13}},"branchMap":{"0":{"loc":{"start":{"line":2,"column":16},"end":{"line":10,"column":1}},"type":"binary-expr","locations":[{"start":{"line":2,"column":17},"end":{"line":2,"column":21}},{"start":{"line":2,"column":25},"end":{"line":2,"column":39}},{"start":{"line":2,"column":44},"end":{"line":10,"column":1}}],"line":2},"1":{"loc":{"start":{"line":3,"column":35},"end":{"line":3,"column":109}},"type":"cond-expr","locations":[{"start":{"line":3,"column":56},"end":{"line":3,"column":61}},{"start":{"line":3,"column":64},"end":{"line":3,"column":109}}],"line":3},"2":{"loc":{"start":{"line":4,"column":16},"end":{"line":4,"column":34}},"type":"binary-expr","locations":[{"start":{"line":4,"column":16},"end":{"line":4,"column":17}},{"start":{"line":4,"column":22},"end":{"line":4,"column":33}}],"line":4},"3":{"loc":{"start":{"line":7,"column":32},"end":{"line":7,"column":115}},"type":"cond-expr","locations":[{"start":{"line":7,"column":46},"end":{"line":7,"column":67}},{"start":{"line":7,"column":70},"end":{"line":7,"column":115}}],"line":7},"4":{"loc":{"start":{"line":8,"column":51},"end":{"line":8,"column":67}},"type":"binary-expr","locations":[{"start":{"line":8,"column":51},"end":{"line":8,"column":61}},{"start":{"line":8,"column":65},"end":{"line":8,"column":67}}],"line":8}},"s":{"0":1,"1":2,"2":0,"3":2,"4":2,"5":2,"6":0,"7":0,"8":0,"9":0,"10":4,"11":2,"12":1,"13":1,"14":1,"15":2,"16":2,"17":1},"f":{"0":2,"1":2,"2":0,"3":2,"4":2,"5":0,"6":4,"7":2,"8":2},"b":{"0":[1,1,1],"1":[2,0],"2":[2,2],"3":[2,2],"4":[2,2]},"inputSourceMap":null,"_coverageSchema":"1a1c01bbd47fc00a2c39e90264f33305004495a9","hash":"13b7396c12e1956ed6c96856fae79a5abf294196"}
,"/Users/alizeegillouaye/Documents/IWM-Archi-back/dist/src/coreLogic/usecases/clients/client-get/getClient.js": {"path":"/Users/alizeegillouaye/Documents/IWM-Archi-back/dist/src/coreLogic/usecases/clients/client-get/getClient.js","statementMap":{"0":{"start":{"line":2,"column":16},"end":{"line":10,"column":1}},"1":{"start":{"line":3,"column":28},"end":{"line":3,"column":110}},"2":{"start":{"line":3,"column":91},"end":{"line":3,"column":106}},"3":{"start":{"line":4,"column":4},"end":{"line":9,"column":7}},"4":{"start":{"line":5,"column":36},"end":{"line":5,"column":97}},"5":{"start":{"line":5,"column":42},"end":{"line":5,"column":70}},"6":{"start":{"line":5,"column":85},"end":{"line":5,"column":95}},"7":{"start":{"line":6,"column":35},"end":{"line":6,"column":100}},"8":{"start":{"line":6,"column":41},"end":{"line":6,"column":73}},"9":{"start":{"line":6,"column":88},"end":{"line":6,"column":98}},"10":{"start":{"line":7,"column":32},"end":{"line":7,"column":116}},"11":{"start":{"line":8,"column":8},"end":{"line":8,"column":78}},"12":{"start":{"line":11,"column":0},"end":{"line":11,"column":62}},"13":{"start":{"line":12,"column":0},"end":{"line":12,"column":27}},"14":{"start":{"line":13,"column":18},"end":{"line":15,"column":2}},"15":{"start":{"line":13,"column":41},"end":{"line":15,"column":2}},"16":{"start":{"line":14,"column":4},"end":{"line":14,"column":37}},"17":{"start":{"line":16,"column":0},"end":{"line":16,"column":30}}},"fnMap":{"0":{"name":"(anonymous_0)","decl":{"start":{"line":2,"column":44},"end":{"line":2,"column":45}},"loc":{"start":{"line":2,"column":89},"end":{"line":10,"column":1}},"line":2},"1":{"name":"adopt","decl":{"start":{"line":3,"column":13},"end":{"line":3,"column":18}},"loc":{"start":{"line":3,"column":26},"end":{"line":3,"column":112}},"line":3},"2":{"name":"(anonymous_2)","decl":{"start":{"line":3,"column":70},"end":{"line":3,"column":71}},"loc":{"start":{"line":3,"column":89},"end":{"line":3,"column":108}},"line":3},"3":{"name":"(anonymous_3)","decl":{"start":{"line":4,"column":36},"end":{"line":4,"column":37}},"loc":{"start":{"line":4,"column":63},"end":{"line":9,"column":5}},"line":4},"4":{"name":"fulfilled","decl":{"start":{"line":5,"column":17},"end":{"line":5,"column":26}},"loc":{"start":{"line":5,"column":34},"end":{"line":5,"column":99}},"line":5},"5":{"name":"rejected","decl":{"start":{"line":6,"column":17},"end":{"line":6,"column":25}},"loc":{"start":{"line":6,"column":33},"end":{"line":6,"column":102}},"line":6},"6":{"name":"step","decl":{"start":{"line":7,"column":17},"end":{"line":7,"column":21}},"loc":{"start":{"line":7,"column":30},"end":{"line":7,"column":118}},"line":7},"7":{"name":"(anonymous_7)","decl":{"start":{"line":13,"column":18},"end":{"line":13,"column":19}},"loc":{"start":{"line":13,"column":41},"end":{"line":15,"column":2}},"line":13},"8":{"name":"(anonymous_8)","decl":{"start":{"line":13,"column":75},"end":{"line":13,"column":76}},"loc":{"start":{"line":13,"column":88},"end":{"line":15,"column":1}},"line":13}},"branchMap":{"0":{"loc":{"start":{"line":2,"column":16},"end":{"line":10,"column":1}},"type":"binary-expr","locations":[{"start":{"line":2,"column":17},"end":{"line":2,"column":21}},{"start":{"line":2,"column":25},"end":{"line":2,"column":39}},{"start":{"line":2,"column":44},"end":{"line":10,"column":1}}],"line":2},"1":{"loc":{"start":{"line":3,"column":35},"end":{"line":3,"column":109}},"type":"cond-expr","locations":[{"start":{"line":3,"column":56},"end":{"line":3,"column":61}},{"start":{"line":3,"column":64},"end":{"line":3,"column":109}}],"line":3},"2":{"loc":{"start":{"line":4,"column":16},"end":{"line":4,"column":34}},"type":"binary-expr","locations":[{"start":{"line":4,"column":16},"end":{"line":4,"column":17}},{"start":{"line":4,"column":22},"end":{"line":4,"column":33}}],"line":4},"3":{"loc":{"start":{"line":7,"column":32},"end":{"line":7,"column":115}},"type":"cond-expr","locations":[{"start":{"line":7,"column":46},"end":{"line":7,"column":67}},{"start":{"line":7,"column":70},"end":{"line":7,"column":115}}],"line":7},"4":{"loc":{"start":{"line":8,"column":51},"end":{"line":8,"column":67}},"type":"binary-expr","locations":[{"start":{"line":8,"column":51},"end":{"line":8,"column":61}},{"start":{"line":8,"column":65},"end":{"line":8,"column":67}}],"line":8}},"s":{"0":1,"1":0,"2":0,"3":3,"4":0,"5":0,"6":0,"7":0,"8":0,"9":0,"10":3,"11":3,"12":1,"13":1,"14":1,"15":3,"16":3,"17":1},"f":{"0":3,"1":0,"2":0,"3":3,"4":0,"5":0,"6":3,"7":3,"8":3},"b":{"0":[1,1,1],"1":[0,0],"2":[3,3],"3":[3,0],"4":[3,3]},"inputSourceMap":null,"_coverageSchema":"1a1c01bbd47fc00a2c39e90264f33305004495a9","hash":"382109d24efbd197d17226de4200ee2d57cdb032"}
,"/Users/alizeegillouaye/Documents/IWM-Archi-back/dist/src/coreLogic/usecases/clients/clients-listing/listClients.js": {"path":"/Users/alizeegillouaye/Documents/IWM-Archi-back/dist/src/coreLogic/usecases/clients/clients-listing/listClients.js","statementMap":{"0":{"start":{"line":2,"column":16},"end":{"line":10,"column":1}},"1":{"start":{"line":3,"column":28},"end":{"line":3,"column":110}},"2":{"start":{"line":3,"column":91},"end":{"line":3,"column":106}},"3":{"start":{"line":4,"column":4},"end":{"line":9,"column":7}},"4":{"start":{"line":5,"column":36},"end":{"line":5,"column":97}},"5":{"start":{"line":5,"column":42},"end":{"line":5,"column":70}},"6":{"start":{"line":5,"column":85},"end":{"line":5,"column":95}},"7":{"start":{"line":6,"column":35},"end":{"line":6,"column":100}},"8":{"start":{"line":6,"column":41},"end":{"line":6,"column":73}},"9":{"start":{"line":6,"column":88},"end":{"line":6,"column":98}},"10":{"start":{"line":7,"column":32},"end":{"line":7,"column":116}},"11":{"start":{"line":8,"column":8},"end":{"line":8,"column":78}},"12":{"start":{"line":11,"column":0},"end":{"line":11,"column":62}},"13":{"start":{"line":12,"column":0},"end":{"line":12,"column":29}},"14":{"start":{"line":13,"column":20},"end":{"line":15,"column":2}},"15":{"start":{"line":13,"column":39},"end":{"line":15,"column":2}},"16":{"start":{"line":14,"column":4},"end":{"line":14,"column":41}},"17":{"start":{"line":16,"column":0},"end":{"line":16,"column":34}}},"fnMap":{"0":{"name":"(anonymous_0)","decl":{"start":{"line":2,"column":44},"end":{"line":2,"column":45}},"loc":{"start":{"line":2,"column":89},"end":{"line":10,"column":1}},"line":2},"1":{"name":"adopt","decl":{"start":{"line":3,"column":13},"end":{"line":3,"column":18}},"loc":{"start":{"line":3,"column":26},"end":{"line":3,"column":112}},"line":3},"2":{"name":"(anonymous_2)","decl":{"start":{"line":3,"column":70},"end":{"line":3,"column":71}},"loc":{"start":{"line":3,"column":89},"end":{"line":3,"column":108}},"line":3},"3":{"name":"(anonymous_3)","decl":{"start":{"line":4,"column":36},"end":{"line":4,"column":37}},"loc":{"start":{"line":4,"column":63},"end":{"line":9,"column":5}},"line":4},"4":{"name":"fulfilled","decl":{"start":{"line":5,"column":17},"end":{"line":5,"column":26}},"loc":{"start":{"line":5,"column":34},"end":{"line":5,"column":99}},"line":5},"5":{"name":"rejected","decl":{"start":{"line":6,"column":17},"end":{"line":6,"column":25}},"loc":{"start":{"line":6,"column":33},"end":{"line":6,"column":102}},"line":6},"6":{"name":"step","decl":{"start":{"line":7,"column":17},"end":{"line":7,"column":21}},"loc":{"start":{"line":7,"column":30},"end":{"line":7,"column":118}},"line":7},"7":{"name":"(anonymous_7)","decl":{"start":{"line":13,"column":20},"end":{"line":13,"column":21}},"loc":{"start":{"line":13,"column":39},"end":{"line":15,"column":2}},"line":13},"8":{"name":"(anonymous_8)","decl":{"start":{"line":13,"column":73},"end":{"line":13,"column":74}},"loc":{"start":{"line":13,"column":86},"end":{"line":15,"column":1}},"line":13}},"branchMap":{"0":{"loc":{"start":{"line":2,"column":16},"end":{"line":10,"column":1}},"type":"binary-expr","locations":[{"start":{"line":2,"column":17},"end":{"line":2,"column":21}},{"start":{"line":2,"column":25},"end":{"line":2,"column":39}},{"start":{"line":2,"column":44},"end":{"line":10,"column":1}}],"line":2},"1":{"loc":{"start":{"line":3,"column":35},"end":{"line":3,"column":109}},"type":"cond-expr","locations":[{"start":{"line":3,"column":56},"end":{"line":3,"column":61}},{"start":{"line":3,"column":64},"end":{"line":3,"column":109}}],"line":3},"2":{"loc":{"start":{"line":4,"column":16},"end":{"line":4,"column":34}},"type":"binary-expr","locations":[{"start":{"line":4,"column":16},"end":{"line":4,"column":17}},{"start":{"line":4,"column":22},"end":{"line":4,"column":33}}],"line":4},"3":{"loc":{"start":{"line":7,"column":32},"end":{"line":7,"column":115}},"type":"cond-expr","locations":[{"start":{"line":7,"column":46},"end":{"line":7,"column":67}},{"start":{"line":7,"column":70},"end":{"line":7,"column":115}}],"line":7},"4":{"loc":{"start":{"line":8,"column":51},"end":{"line":8,"column":67}},"type":"binary-expr","locations":[{"start":{"line":8,"column":51},"end":{"line":8,"column":61}},{"start":{"line":8,"column":65},"end":{"line":8,"column":67}}],"line":8}},"s":{"0":1,"1":2,"2":0,"3":2,"4":2,"5":2,"6":0,"7":0,"8":0,"9":0,"10":4,"11":2,"12":1,"13":1,"14":1,"15":2,"16":2,"17":1},"f":{"0":2,"1":2,"2":0,"3":2,"4":2,"5":0,"6":4,"7":2,"8":2},"b":{"0":[1,1,1],"1":[2,0],"2":[2,2],"3":[2,2],"4":[2,2]},"inputSourceMap":null,"_coverageSchema":"1a1c01bbd47fc00a2c39e90264f33305004495a9","hash":"e61374dc225dfbc2b6990a37ebf009112d182bb0"}
,"/Users/alizeegillouaye/Documents/IWM-Archi-back/dist/src/coreLogic/usecases/clients/delete-client/deleteClient.js": {"path":"/Users/alizeegillouaye/Documents/IWM-Archi-back/dist/src/coreLogic/usecases/clients/delete-client/deleteClient.js","statementMap":{"0":{"start":{"line":2,"column":16},"end":{"line":10,"column":1}},"1":{"start":{"line":3,"column":28},"end":{"line":3,"column":110}},"2":{"start":{"line":3,"column":91},"end":{"line":3,"column":106}},"3":{"start":{"line":4,"column":4},"end":{"line":9,"column":7}},"4":{"start":{"line":5,"column":36},"end":{"line":5,"column":97}},"5":{"start":{"line":5,"column":42},"end":{"line":5,"column":70}},"6":{"start":{"line":5,"column":85},"end":{"line":5,"column":95}},"7":{"start":{"line":6,"column":35},"end":{"line":6,"column":100}},"8":{"start":{"line":6,"column":41},"end":{"line":6,"column":73}},"9":{"start":{"line":6,"column":88},"end":{"line":6,"column":98}},"10":{"start":{"line":7,"column":32},"end":{"line":7,"column":116}},"11":{"start":{"line":8,"column":8},"end":{"line":8,"column":78}},"12":{"start":{"line":11,"column":0},"end":{"line":11,"column":62}},"13":{"start":{"line":12,"column":0},"end":{"line":12,"column":30}},"14":{"start":{"line":13,"column":21},"end":{"line":15,"column":2}},"15":{"start":{"line":13,"column":44},"end":{"line":15,"column":2}},"16":{"start":{"line":14,"column":4},"end":{"line":14,"column":42}},"17":{"start":{"line":16,"column":0},"end":{"line":16,"column":36}}},"fnMap":{"0":{"name":"(anonymous_0)","decl":{"start":{"line":2,"column":44},"end":{"line":2,"column":45}},"loc":{"start":{"line":2,"column":89},"end":{"line":10,"column":1}},"line":2},"1":{"name":"adopt","decl":{"start":{"line":3,"column":13},"end":{"line":3,"column":18}},"loc":{"start":{"line":3,"column":26},"end":{"line":3,"column":112}},"line":3},"2":{"name":"(anonymous_2)","decl":{"start":{"line":3,"column":70},"end":{"line":3,"column":71}},"loc":{"start":{"line":3,"column":89},"end":{"line":3,"column":108}},"line":3},"3":{"name":"(anonymous_3)","decl":{"start":{"line":4,"column":36},"end":{"line":4,"column":37}},"loc":{"start":{"line":4,"column":63},"end":{"line":9,"column":5}},"line":4},"4":{"name":"fulfilled","decl":{"start":{"line":5,"column":17},"end":{"line":5,"column":26}},"loc":{"start":{"line":5,"column":34},"end":{"line":5,"column":99}},"line":5},"5":{"name":"rejected","decl":{"start":{"line":6,"column":17},"end":{"line":6,"column":25}},"loc":{"start":{"line":6,"column":33},"end":{"line":6,"column":102}},"line":6},"6":{"name":"step","decl":{"start":{"line":7,"column":17},"end":{"line":7,"column":21}},"loc":{"start":{"line":7,"column":30},"end":{"line":7,"column":118}},"line":7},"7":{"name":"(anonymous_7)","decl":{"start":{"line":13,"column":21},"end":{"line":13,"column":22}},"loc":{"start":{"line":13,"column":44},"end":{"line":15,"column":2}},"line":13},"8":{"name":"(anonymous_8)","decl":{"start":{"line":13,"column":78},"end":{"line":13,"column":79}},"loc":{"start":{"line":13,"column":91},"end":{"line":15,"column":1}},"line":13}},"branchMap":{"0":{"loc":{"start":{"line":2,"column":16},"end":{"line":10,"column":1}},"type":"binary-expr","locations":[{"start":{"line":2,"column":17},"end":{"line":2,"column":21}},{"start":{"line":2,"column":25},"end":{"line":2,"column":39}},{"start":{"line":2,"column":44},"end":{"line":10,"column":1}}],"line":2},"1":{"loc":{"start":{"line":3,"column":35},"end":{"line":3,"column":109}},"type":"cond-expr","locations":[{"start":{"line":3,"column":56},"end":{"line":3,"column":61}},{"start":{"line":3,"column":64},"end":{"line":3,"column":109}}],"line":3},"2":{"loc":{"start":{"line":4,"column":16},"end":{"line":4,"column":34}},"type":"binary-expr","locations":[{"start":{"line":4,"column":16},"end":{"line":4,"column":17}},{"start":{"line":4,"column":22},"end":{"line":4,"column":33}}],"line":4},"3":{"loc":{"start":{"line":7,"column":32},"end":{"line":7,"column":115}},"type":"cond-expr","locations":[{"start":{"line":7,"column":46},"end":{"line":7,"column":67}},{"start":{"line":7,"column":70},"end":{"line":7,"column":115}}],"line":7},"4":{"loc":{"start":{"line":8,"column":51},"end":{"line":8,"column":67}},"type":"binary-expr","locations":[{"start":{"line":8,"column":51},"end":{"line":8,"column":61}},{"start":{"line":8,"column":65},"end":{"line":8,"column":67}}],"line":8}},"s":{"0":1,"1":1,"2":0,"3":1,"4":1,"5":1,"6":0,"7":0,"8":0,"9":0,"10":2,"11":1,"12":1,"13":1,"14":1,"15":1,"16":1,"17":1},"f":{"0":1,"1":1,"2":0,"3":1,"4":1,"5":0,"6":2,"7":1,"8":1},"b":{"0":[1,1,1],"1":[1,0],"2":[1,1],"3":[1,1],"4":[1,1]},"inputSourceMap":null,"_coverageSchema":"1a1c01bbd47fc00a2c39e90264f33305004495a9","hash":"a3d2cd816ac8c856e309f2d65212f76a33488706"}
,"/Users/alizeegillouaye/Documents/IWM-Archi-back/dist/src/coreLogic/usecases/clients/update-client/updateClient.js": {"path":"/Users/alizeegillouaye/Documents/IWM-Archi-back/dist/src/coreLogic/usecases/clients/update-client/updateClient.js","statementMap":{"0":{"start":{"line":2,"column":16},"end":{"line":10,"column":1}},"1":{"start":{"line":3,"column":28},"end":{"line":3,"column":110}},"2":{"start":{"line":3,"column":91},"end":{"line":3,"column":106}},"3":{"start":{"line":4,"column":4},"end":{"line":9,"column":7}},"4":{"start":{"line":5,"column":36},"end":{"line":5,"column":97}},"5":{"start":{"line":5,"column":42},"end":{"line":5,"column":70}},"6":{"start":{"line":5,"column":85},"end":{"line":5,"column":95}},"7":{"start":{"line":6,"column":35},"end":{"line":6,"column":100}},"8":{"start":{"line":6,"column":41},"end":{"line":6,"column":73}},"9":{"start":{"line":6,"column":88},"end":{"line":6,"column":98}},"10":{"start":{"line":7,"column":32},"end":{"line":7,"column":116}},"11":{"start":{"line":8,"column":8},"end":{"line":8,"column":78}},"12":{"start":{"line":11,"column":0},"end":{"line":11,"column":62}},"13":{"start":{"line":12,"column":0},"end":{"line":12,"column":30}},"14":{"start":{"line":13,"column":21},"end":{"line":15,"column":2}},"15":{"start":{"line":13,"column":48},"end":{"line":15,"column":2}},"16":{"start":{"line":14,"column":4},"end":{"line":14,"column":46}},"17":{"start":{"line":16,"column":0},"end":{"line":16,"column":36}}},"fnMap":{"0":{"name":"(anonymous_0)","decl":{"start":{"line":2,"column":44},"end":{"line":2,"column":45}},"loc":{"start":{"line":2,"column":89},"end":{"line":10,"column":1}},"line":2},"1":{"name":"adopt","decl":{"start":{"line":3,"column":13},"end":{"line":3,"column":18}},"loc":{"start":{"line":3,"column":26},"end":{"line":3,"column":112}},"line":3},"2":{"name":"(anonymous_2)","decl":{"start":{"line":3,"column":70},"end":{"line":3,"column":71}},"loc":{"start":{"line":3,"column":89},"end":{"line":3,"column":108}},"line":3},"3":{"name":"(anonymous_3)","decl":{"start":{"line":4,"column":36},"end":{"line":4,"column":37}},"loc":{"start":{"line":4,"column":63},"end":{"line":9,"column":5}},"line":4},"4":{"name":"fulfilled","decl":{"start":{"line":5,"column":17},"end":{"line":5,"column":26}},"loc":{"start":{"line":5,"column":34},"end":{"line":5,"column":99}},"line":5},"5":{"name":"rejected","decl":{"start":{"line":6,"column":17},"end":{"line":6,"column":25}},"loc":{"start":{"line":6,"column":33},"end":{"line":6,"column":102}},"line":6},"6":{"name":"step","decl":{"start":{"line":7,"column":17},"end":{"line":7,"column":21}},"loc":{"start":{"line":7,"column":30},"end":{"line":7,"column":118}},"line":7},"7":{"name":"(anonymous_7)","decl":{"start":{"line":13,"column":21},"end":{"line":13,"column":22}},"loc":{"start":{"line":13,"column":48},"end":{"line":15,"column":2}},"line":13},"8":{"name":"(anonymous_8)","decl":{"start":{"line":13,"column":82},"end":{"line":13,"column":83}},"loc":{"start":{"line":13,"column":95},"end":{"line":15,"column":1}},"line":13}},"branchMap":{"0":{"loc":{"start":{"line":2,"column":16},"end":{"line":10,"column":1}},"type":"binary-expr","locations":[{"start":{"line":2,"column":17},"end":{"line":2,"column":21}},{"start":{"line":2,"column":25},"end":{"line":2,"column":39}},{"start":{"line":2,"column":44},"end":{"line":10,"column":1}}],"line":2},"1":{"loc":{"start":{"line":3,"column":35},"end":{"line":3,"column":109}},"type":"cond-expr","locations":[{"start":{"line":3,"column":56},"end":{"line":3,"column":61}},{"start":{"line":3,"column":64},"end":{"line":3,"column":109}}],"line":3},"2":{"loc":{"start":{"line":4,"column":16},"end":{"line":4,"column":34}},"type":"binary-expr","locations":[{"start":{"line":4,"column":16},"end":{"line":4,"column":17}},{"start":{"line":4,"column":22},"end":{"line":4,"column":33}}],"line":4},"3":{"loc":{"start":{"line":7,"column":32},"end":{"line":7,"column":115}},"type":"cond-expr","locations":[{"start":{"line":7,"column":46},"end":{"line":7,"column":67}},{"start":{"line":7,"column":70},"end":{"line":7,"column":115}}],"line":7},"4":{"loc":{"start":{"line":8,"column":51},"end":{"line":8,"column":67}},"type":"binary-expr","locations":[{"start":{"line":8,"column":51},"end":{"line":8,"column":61}},{"start":{"line":8,"column":65},"end":{"line":8,"column":67}}],"line":8}},"s":{"0":1,"1":1,"2":0,"3":1,"4":1,"5":1,"6":0,"7":0,"8":0,"9":0,"10":2,"11":1,"12":1,"13":1,"14":1,"15":1,"16":1,"17":1},"f":{"0":1,"1":1,"2":0,"3":1,"4":1,"5":0,"6":2,"7":1,"8":1},"b":{"0":[1,1,1],"1":[1,0],"2":[1,1],"3":[1,1],"4":[1,1]},"inputSourceMap":null,"_coverageSchema":"1a1c01bbd47fc00a2c39e90264f33305004495a9","hash":"8df38d9283ebd9a3145a651d011a14e1a73fd118"}
,"/Users/alizeegillouaye/Documents/IWM-Archi-back/src/adapters/secondary/InMemoryClientsGateway.ts": {"path":"/Users/alizeegillouaye/Documents/IWM-Archi-back/src/adapters/secondary/InMemoryClientsGateway.ts","statementMap":{"0":{"start":{"line":7,"column":4},"end":{"line":7,"column":null}},"1":{"start":{"line":5,"column":0},"end":{"line":5,"column":13}},"2":{"start":{"line":12,"column":10},"end":{"line":12,"column":null}},"3":{"start":{"line":16,"column":4},"end":{"line":16,"column":null}},"4":{"start":{"line":20,"column":4},"end":{"line":20,"column":null}},"5":{"start":{"line":24,"column":4},"end":{"line":24,"column":null}},"6":{"start":{"line":28,"column":16},"end":{"line":28,"column":53}},"7":{"start":{"line":28,"column":41},"end":{"line":28,"column":52}},"8":{"start":{"line":29,"column":4},"end":{"line":31,"column":null}},"9":{"start":{"line":30,"column":6},"end":{"line":30,"column":null}},"10":{"start":{"line":32,"column":4},"end":{"line":32,"column":null}},"11":{"start":{"line":36,"column":22},"end":{"line":39,"column":null}},"12":{"start":{"line":40,"column":4},"end":{"line":40,"column":null}},"13":{"start":{"line":41,"column":4},"end":{"line":41,"column":null}},"14":{"start":{"line":45,"column":18},"end":{"line":45,"column":67}},"15":{"start":{"line":45,"column":47},"end":{"line":45,"column":65}},"16":{"start":{"line":46,"column":4},"end":{"line":46,"column":null}},"17":{"start":{"line":48,"column":4},"end":{"line":48,"column":null}},"18":{"start":{"line":52,"column":4},"end":{"line":52,"column":null}},"19":{"start":{"line":52,"column":44},"end":{"line":52,"column":55}},"20":{"start":{"line":54,"column":4},"end":{"line":54,"column":null}},"21":{"start":{"line":11,"column":0},"end":{"line":11,"column":13}}},"fnMap":{"0":{"name":"(anonymous_7)","decl":{"start":{"line":6,"column":2},"end":{"line":6,"column":14}},"loc":{"start":{"line":6,"column":24},"end":{"line":8,"column":3}}},"1":{"name":"(anonymous_8)","decl":{"start":{"line":15,"column":2},"end":{"line":15,"column":14}},"loc":{"start":{"line":15,"column":42},"end":{"line":17,"column":3}}},"2":{"name":"(anonymous_9)","decl":{"start":{"line":19,"column":2},"end":{"line":19,"column":10}},"loc":{"start":{"line":19,"column":36},"end":{"line":21,"column":3}}},"3":{"name":"(anonymous_10)","decl":{"start":{"line":23,"column":8},"end":{"line":23,"column":15}},"loc":{"start":{"line":23,"column":15},"end":{"line":25,"column":null}}},"4":{"name":"(anonymous_12)","decl":{"start":{"line":27,"column":8},"end":{"line":27,"column":15}},"loc":{"start":{"line":27,"column":26},"end":{"line":33,"column":null}}},"5":{"name":"(anonymous_14)","decl":{"start":{"line":28,"column":34},"end":{"line":28,"column":35}},"loc":{"start":{"line":28,"column":41},"end":{"line":28,"column":52}}},"6":{"name":"(anonymous_15)","decl":{"start":{"line":35,"column":8},"end":{"line":35,"column":14}},"loc":{"start":{"line":35,"column":27},"end":{"line":42,"column":null}}},"7":{"name":"(anonymous_17)","decl":{"start":{"line":44,"column":8},"end":{"line":44,"column":14}},"loc":{"start":{"line":44,"column":29},"end":{"line":49,"column":null}}},"8":{"name":"(anonymous_19)","decl":{"start":{"line":45,"column":42},"end":{"line":45,"column":43}},"loc":{"start":{"line":45,"column":47},"end":{"line":45,"column":65}}},"9":{"name":"(anonymous_20)","decl":{"start":{"line":51,"column":8},"end":{"line":51,"column":14}},"loc":{"start":{"line":51,"column":25},"end":{"line":55,"column":null}}},"10":{"name":"(anonymous_22)","decl":{"start":{"line":52,"column":39},"end":{"line":52,"column":40}},"loc":{"start":{"line":52,"column":44},"end":{"line":52,"column":55}}}},"branchMap":{"0":{"loc":{"start":{"line":29,"column":4},"end":{"line":31,"column":null}},"type":"if","locations":[{"start":{"line":29,"column":4},"end":{"line":31,"column":null}}]}},"s":{"0":1,"1":5,"2":9,"3":9,"4":6,"5":3,"6":5,"7":7,"8":5,"9":1,"10":4,"11":2,"12":2,"13":2,"14":1,"15":1,"16":1,"17":1,"18":1,"19":2,"20":1,"21":5},"f":{"0":1,"1":9,"2":6,"3":3,"4":5,"5":7,"6":2,"7":1,"8":1,"9":1,"10":2},"b":{"0":[1]}}
,"/Users/alizeegillouaye/Documents/IWM-Archi-back/src/adapters/secondary/fakeUuidGenerator.ts": {"path":"/Users/alizeegillouaye/Documents/IWM-Archi-back/src/adapters/secondary/fakeUuidGenerator.ts","statementMap":{"0":{"start":{"line":4,"column":10},"end":{"line":4,"column":null}},"1":{"start":{"line":7,"column":4},"end":{"line":7,"column":null}},"2":{"start":{"line":11,"column":21},"end":{"line":11,"column":38}},"3":{"start":{"line":12,"column":4},"end":{"line":12,"column":null}},"4":{"start":{"line":13,"column":4},"end":{"line":13,"column":null}},"5":{"start":{"line":3,"column":0},"end":{"line":3,"column":13}}},"fnMap":{"0":{"name":"(anonymous_0)","decl":{"start":{"line":3,"column":0},"end":{"line":3,"column":13}},"loc":{"start":{"line":3,"column":0},"end":{"line":15,"column":1}}},"1":{"name":"(anonymous_1)","decl":{"start":{"line":6,"column":2},"end":{"line":6,"column":14}},"loc":{"start":{"line":6,"column":42},"end":{"line":8,"column":3}}},"2":{"name":"(anonymous_2)","decl":{"start":{"line":10,"column":2},"end":{"line":10,"column":10}},"loc":{"start":{"line":10,"column":10},"end":{"line":14,"column":3}}}},"branchMap":{},"s":{"0":9,"1":2,"2":2,"3":2,"4":2,"5":5},"f":{"0":9,"1":2,"2":2},"b":{}}
,"/Users/alizeegillouaye/Documents/IWM-Archi-back/src/coreLogic/usecases/clients/add-client/createClient.ts": {"path":"/Users/alizeegillouaye/Documents/IWM-Archi-back/src/coreLogic/usecases/clients/add-client/createClient.ts","statementMap":{"0":{"start":{"line":4,"column":28},"end":{"line":6,"column":null}},"1":{"start":{"line":4,"column":98},"end":{"line":6,"column":null}},"2":{"start":{"line":5,"column":2},"end":{"line":5,"column":null}},"3":{"start":{"line":4,"column":13},"end":{"line":4,"column":28}}},"fnMap":{"0":{"name":"(anonymous_7)","decl":{"start":{"line":4,"column":28},"end":{"line":4,"column":35}},"loc":{"start":{"line":4,"column":98},"end":{"line":6,"column":null}}},"1":{"name":"(anonymous_8)","decl":{"start":{"line":4,"column":98},"end":{"line":4,"column":null}},"loc":{"start":{"line":4,"column":98},"end":{"line":6,"column":1}}}},"branchMap":{},"s":{"0":1,"1":2,"2":2,"3":1},"f":{"0":2,"1":2},"b":{}}
,"/Users/alizeegillouaye/Documents/IWM-Archi-back/src/coreLogic/usecases/clients/client-get/getClient.ts": {"path":"/Users/alizeegillouaye/Documents/IWM-Archi-back/src/coreLogic/usecases/clients/client-get/getClient.ts","statementMap":{"0":{"start":{"line":3,"column":25},"end":{"line":5,"column":null}},"1":{"start":{"line":3,"column":75},"end":{"line":5,"column":null}},"2":{"start":{"line":4,"column":2},"end":{"line":4,"column":null}},"3":{"start":{"line":3,"column":13},"end":{"line":3,"column":25}}},"fnMap":{"0":{"name":"(anonymous_7)","decl":{"start":{"line":3,"column":25},"end":{"line":3,"column":31}},"loc":{"start":{"line":3,"column":75},"end":{"line":5,"column":null}}},"1":{"name":"(anonymous_8)","decl":{"start":{"line":3,"column":75},"end":{"line":3,"column":null}},"loc":{"start":{"line":3,"column":75},"end":{"line":5,"column":1}}}},"branchMap":{},"s":{"0":1,"1":3,"2":3,"3":1},"f":{"0":3,"1":3},"b":{}}
,"/Users/alizeegillouaye/Documents/IWM-Archi-back/src/coreLogic/usecases/clients/clients-listing/listClients.ts": {"path":"/Users/alizeegillouaye/Documents/IWM-Archi-back/src/coreLogic/usecases/clients/clients-listing/listClients.ts","statementMap":{"0":{"start":{"line":4,"column":27},"end":{"line":6,"column":null}},"1":{"start":{"line":4,"column":90},"end":{"line":6,"column":null}},"2":{"start":{"line":5,"column":2},"end":{"line":5,"column":null}},"3":{"start":{"line":4,"column":13},"end":{"line":4,"column":27}}},"fnMap":{"0":{"name":"(anonymous_7)","decl":{"start":{"line":4,"column":27},"end":{"line":4,"column":34}},"loc":{"start":{"line":4,"column":90},"end":{"line":6,"column":null}}},"1":{"name":"(anonymous_8)","decl":{"start":{"line":4,"column":90},"end":{"line":4,"column":null}},"loc":{"start":{"line":4,"column":90},"end":{"line":6,"column":1}}}},"branchMap":{},"s":{"0":1,"1":2,"2":2,"3":1},"f":{"0":2,"1":2},"b":{}}
,"/Users/alizeegillouaye/Documents/IWM-Archi-back/src/coreLogic/usecases/clients/delete-client/deleteClient.ts": {"path":"/Users/alizeegillouaye/Documents/IWM-Archi-back/src/coreLogic/usecases/clients/delete-client/deleteClient.ts","statementMap":{"0":{"start":{"line":4,"column":28},"end":{"line":6,"column":null}},"1":{"start":{"line":4,"column":97},"end":{"line":6,"column":null}},"2":{"start":{"line":5,"column":2},"end":{"line":5,"column":null}},"3":{"start":{"line":4,"column":13},"end":{"line":4,"column":28}}},"fnMap":{"0":{"name":"(anonymous_7)","decl":{"start":{"line":4,"column":28},"end":{"line":4,"column":35}},"loc":{"start":{"line":4,"column":97},"end":{"line":6,"column":null}}},"1":{"name":"(anonymous_8)","decl":{"start":{"line":4,"column":97},"end":{"line":4,"column":null}},"loc":{"start":{"line":4,"column":97},"end":{"line":6,"column":1}}}},"branchMap":{},"s":{"0":1,"1":1,"2":1,"3":1},"f":{"0":1,"1":1},"b":{}}
,"/Users/alizeegillouaye/Documents/IWM-Archi-back/src/coreLogic/usecases/clients/update-client/updateClient.ts": {"path":"/Users/alizeegillouaye/Documents/IWM-Archi-back/src/coreLogic/usecases/clients/update-client/updateClient.ts","statementMap":{"0":{"start":{"line":4,"column":28},"end":{"line":6,"column":null}},"1":{"start":{"line":4,"column":100},"end":{"line":6,"column":null}},"2":{"start":{"line":5,"column":2},"end":{"line":5,"column":null}},"3":{"start":{"line":4,"column":13},"end":{"line":4,"column":28}}},"fnMap":{"0":{"name":"(anonymous_7)","decl":{"start":{"line":4,"column":28},"end":{"line":4,"column":35}},"loc":{"start":{"line":4,"column":100},"end":{"line":6,"column":null}}},"1":{"name":"(anonymous_8)","decl":{"start":{"line":4,"column":100},"end":{"line":4,"column":null}},"loc":{"start":{"line":4,"column":100},"end":{"line":6,"column":1}}}},"branchMap":{},"s":{"0":1,"1":1,"2":1,"3":1},"f":{"0":1,"1":1},"b":{}}
}
