TN:
SF:src/adapters/secondary/InMemoryClientsGateway.ts
FN:6,(anonymous_7)
FN:15,(anonymous_8)
FN:19,(anonymous_9)
FN:23,(anonymous_10)
FN:27,(anonymous_12)
FN:28,(anonymous_14)
FN:35,(anonymous_15)
FNF:7
FNH:7
FNDA:1,(anonymous_7)
FNDA:6,(anonymous_8)
FNDA:4,(anonymous_9)
FNDA:2,(anonymous_10)
FNDA:3,(anonymous_12)
FNDA:5,(anonymous_14)
FNDA:1,(anonymous_15)
DA:5,3
DA:7,1
DA:11,3
DA:12,6
DA:16,6
DA:20,4
DA:24,2
DA:28,5
DA:29,3
DA:30,1
DA:32,2
DA:36,1
DA:40,1
DA:41,1
LF:14
LH:14
BRDA:29,0,0,1
BRF:1
BRH:1
end_of_record
TN:
SF:src/adapters/secondary/fakeUuidGenerator.ts
FN:3,(anonymous_0)
FN:6,(anonymous_1)
FN:10,(anonymous_2)
FNF:3
FNH:3
FNDA:6,(anonymous_0)
FNDA:1,(anonymous_1)
FNDA:1,(anonymous_2)
DA:3,3
DA:4,6
DA:7,1
DA:11,1
DA:12,1
DA:13,1
LF:6
LH:6
BRF:0
BRH:0
end_of_record
TN:
SF:src/coreLogic/usecases/add-client/createClient.ts
FN:4,(anonymous_7)
FN:4,(anonymous_8)
FNF:2
FNH:2
FNDA:1,(anonymous_7)
FNDA:1,(anonymous_8)
DA:4,1
DA:5,1
LF:2
LH:2
BRF:0
BRH:0
end_of_record
TN:
SF:src/coreLogic/usecases/client-get/getClient.ts
FN:3,(anonymous_7)
FN:3,(anonymous_8)
FNF:2
FNH:2
FNDA:3,(anonymous_7)
FNDA:3,(anonymous_8)
DA:3,3
DA:4,3
LF:2
LH:2
BRF:0
BRH:0
end_of_record
TN:
SF:src/coreLogic/usecases/clients-listing/listClients.ts
FN:4,(anonymous_7)
FN:4,(anonymous_8)
FNF:2
FNH:2
FNDA:2,(anonymous_7)
FNDA:2,(anonymous_8)
DA:4,2
DA:5,2
LF:2
LH:2
BRF:0
BRH:0
end_of_record
